<?xml version="1.0" encoding="UTF-8"?>
<testng-results ignored="0" total="1" passed="1" failed="0" skipped="0">
  <reporter-output>
  </reporter-output>
  <suite started-at="2022-08-13T12:01:24 IST" name="Default suite" finished-at="2022-08-13T12:01:31 IST" duration-ms="7739">
    <groups>
    </groups>
    <test started-at="2022-08-13T12:01:24 IST" name="Default test" finished-at="2022-08-13T12:01:31 IST" duration-ms="7739">
      <class name="FetchWeather.FetchWeatherReportTest">
        <test-method is-config="true" signature="classSetup()[pri:0, instance:FetchWeather.FetchWeatherReportTest@659499f1]" started-at="2022-08-13T12:01:24 IST" name="classSetup" finished-at="2022-08-13T12:01:24 IST" duration-ms="730" status="PASS">
          <reporter-output>
          </reporter-output>
        </test-method> <!-- classSetup -->
        <test-method is-config="true" signature="methodSetup()[pri:0, instance:FetchWeather.FetchWeatherReportTest@659499f1]" started-at="2022-08-13T12:01:24 IST" name="methodSetup" finished-at="2022-08-13T12:01:31 IST" duration-ms="6323" status="PASS">
          <reporter-output>
          </reporter-output>
        </test-method> <!-- methodSetup -->
        <test-method signature="fetchWeatherReportTest()[pri:0, instance:FetchWeather.FetchWeatherReportTest@659499f1]" started-at="2022-08-13T12:01:31 IST" name="fetchWeatherReportTest" finished-at="2022-08-13T12:01:31 IST" duration-ms="531" status="PASS">
          <reporter-output>
          </reporter-output>
        </test-method> <!-- fetchWeatherReportTest -->
        <test-method is-config="true" signature="methodTearDown()[pri:0, instance:FetchWeather.FetchWeatherReportTest@659499f1]" started-at="2022-08-13T12:01:31 IST" name="methodTearDown" finished-at="2022-08-13T12:01:31 IST" duration-ms="119" status="PASS">
          <reporter-output>
          </reporter-output>
        </test-method> <!-- methodTearDown -->
        <test-method is-config="true" signature="classTearDown()[pri:0, instance:FetchWeather.FetchWeatherReportTest@659499f1]" started-at="2022-08-13T12:01:31 IST" name="classTearDown" finished-at="2022-08-13T12:01:31 IST" duration-ms="1" status="PASS">
          <reporter-output>
          </reporter-output>
        </test-method> <!-- classTearDown -->
      </class> <!-- FetchWeather.FetchWeatherReportTest -->
    </test> <!-- Default test -->
  </suite> <!-- Default suite -->
</testng-results>
