<?xml version="1.0" encoding="UTF-8"?>
<testng-results ignored="0" total="1" passed="1" failed="0" skipped="0">
  <reporter-output>
  </reporter-output>
  <suite started-at="2022-08-12T23:32:56 IST" name="Suite" finished-at="2022-08-12T23:33:03 IST" duration-ms="7004">
    <groups>
    </groups>
    <test started-at="2022-08-12T23:32:56 IST" name="Test" finished-at="2022-08-12T23:33:03 IST" duration-ms="7004">
      <class name="FetchWeather.FetchWeatherReportTest">
        <test-method is-config="true" signature="classSetup()[pri:0, instance:FetchWeather.FetchWeatherReportTest@659499f1]" started-at="2022-08-12T23:32:56 IST" name="classSetup" finished-at="2022-08-12T23:32:57 IST" duration-ms="672" status="PASS">
          <reporter-output>
          </reporter-output>
        </test-method> <!-- classSetup -->
        <test-method is-config="true" signature="methodSetup()[pri:0, instance:FetchWeather.FetchWeatherReportTest@659499f1]" started-at="2022-08-12T23:32:57 IST" name="methodSetup" finished-at="2022-08-12T23:33:03 IST" duration-ms="5426" status="PASS">
          <reporter-output>
          </reporter-output>
        </test-method> <!-- methodSetup -->
        <test-method signature="fetchWeatherReportTest()[pri:0, instance:FetchWeather.FetchWeatherReportTest@659499f1]" started-at="2022-08-12T23:33:03 IST" name="fetchWeatherReportTest" finished-at="2022-08-12T23:33:03 IST" duration-ms="660" status="PASS">
          <reporter-output>
          </reporter-output>
        </test-method> <!-- fetchWeatherReportTest -->
        <test-method is-config="true" signature="methodTearDown()[pri:0, instance:FetchWeather.FetchWeatherReportTest@659499f1]" started-at="2022-08-12T23:33:03 IST" name="methodTearDown" finished-at="2022-08-12T23:33:03 IST" duration-ms="161" status="PASS">
          <reporter-output>
          </reporter-output>
        </test-method> <!-- methodTearDown -->
        <test-method is-config="true" signature="classTearDown()[pri:0, instance:FetchWeather.FetchWeatherReportTest@659499f1]" started-at="2022-08-12T23:33:03 IST" name="classTearDown" finished-at="2022-08-12T23:33:03 IST" duration-ms="1" status="PASS">
          <reporter-output>
          </reporter-output>
        </test-method> <!-- classTearDown -->
      </class> <!-- FetchWeather.FetchWeatherReportTest -->
    </test> <!-- Test -->
  </suite> <!-- Suite -->
</testng-results>
